<?xml version="1.0" encoding="UTF-8"?>
<!-- Generated by org.testng.reporters.JUnitXMLReporter -->
<testsuite hostname="LAPTOP-2BKA36GC" ignored="0" name="CRM APplication Test Cases" tests="3" failures="0" timestamp="2021-07-04T10:06:54 IST" time="13.963" errors="0">
  <testcase name="loginPageTitleTest" time="0.012" classname="com.crm.qa.testcases.LoginPageTest"/>
  <testcase name="CRMLogoImageTest" time="0.001" classname="com.crm.qa.testcases.LoginPageTest"/>
  <testcase name="loginTest" time="3.142" classname="com.crm.qa.testcases.LoginPageTest"/>
</testsuite> <!-- CRM APplication Test Cases -->
