<?xml version="1.0" encoding="UTF-8"?>
<!-- Generated by org.testng.reporters.JUnitXMLReporter -->
<testsuite hostname="LAPTOP-2BKA36GC" ignored="0" name="CRM APplication Test Cases" tests="9" failures="0" timestamp="02 Jul 2021 17:37:07 GMT" time="74.057" errors="0">
  <testcase name="loginPageTitleTest" time="0.02" classname="com.crm.qa.testcases.LoginPageTest"/>
  <testcase name="verifyHomePageTitleTest" time="0.009" classname="com.crm.qa.testcases.HomePageTest"/>
  <testcase name="verifyContactsPageLabel" time="3.103" classname="com.crm.qa.testcases.ContactsPageTest"/>
  <testcase name="CRMLogoImageTest" time="0.002" classname="com.crm.qa.testcases.LoginPageTest"/>
  <testcase name="verifyUserNameTest" time="2.299" classname="com.crm.qa.testcases.HomePageTest"/>
  <testcase name="selectContactsTest" time="1.919" classname="com.crm.qa.testcases.ContactsPageTest"/>
  <testcase name="loginTest" time="3.141" classname="com.crm.qa.testcases.LoginPageTest"/>
  <testcase name="verifyContactsLinkTest" time="3.105" classname="com.crm.qa.testcases.HomePageTest"/>
  <testcase name="selectMultipleContacts" time="1.48" classname="com.crm.qa.testcases.ContactsPageTest"/>
</testsuite> <!-- CRM APplication Test Cases -->
