<?xml version="1.0" encoding="UTF-8"?>
<!-- Generated by org.testng.reporters.JUnitXMLReporter -->
<testsuite hostname="LAPTOP-2BKA36GC" ignored="0" name="Default test" tests="3" failures="0" timestamp="02 Jul 2021 16:40:27 GMT" time="31.934" errors="0">
  <testcase name="verifyContactsPageLabel" time="3.135" classname="com.crm.qa.testcases.ContactsPageTest"/>
  <testcase name="selectContactsTest" time="1.632" classname="com.crm.qa.testcases.ContactsPageTest"/>
  <testcase name="selectMultipleContacts" time="1.462" classname="com.crm.qa.testcases.ContactsPageTest"/>
</testsuite> <!-- Default test -->
