<?xml version="1.0" encoding="UTF-8"?>
<testng-results skipped="0" failed="0" ignored="0" total="3" passed="3">
  <reporter-output>
  </reporter-output>
  <suite name="CRM Application Automation TestSuite" duration-ms="13963" started-at="2021-07-04T10:06:40 IST" finished-at="2021-07-04T10:06:54 IST">
    <groups>
    </groups>
    <test name="CRM APplication Test Cases" duration-ms="13963" started-at="2021-07-04T10:06:40 IST" finished-at="2021-07-04T10:06:54 IST">
      <class name="com.crm.qa.testcases.LoginPageTest">
        <test-method status="PASS" signature="setUp()[pri:0, instance:com.crm.qa.testcases.LoginPageTest@467aecef]" name="setUp" is-config="true" duration-ms="3207" started-at="2021-07-04T10:06:40 IST" finished-at="2021-07-04T10:06:43 IST">
          <reporter-output>
          </reporter-output>
        </test-method> <!-- setUp -->
        <test-method status="PASS" signature="loginPageTitleTest()[pri:1, instance:com.crm.qa.testcases.LoginPageTest@467aecef]" name="loginPageTitleTest" duration-ms="12" started-at="2021-07-04T10:06:43 IST" finished-at="2021-07-04T10:06:43 IST">
          <reporter-output>
          </reporter-output>
        </test-method> <!-- loginPageTitleTest -->
        <test-method status="PASS" signature="tearDown()[pri:0, instance:com.crm.qa.testcases.LoginPageTest@467aecef]" name="tearDown" is-config="true" duration-ms="806" started-at="2021-07-04T10:06:43 IST" finished-at="2021-07-04T10:06:44 IST">
          <reporter-output>
          </reporter-output>
        </test-method> <!-- tearDown -->
        <test-method status="PASS" signature="setUp()[pri:0, instance:com.crm.qa.testcases.LoginPageTest@467aecef]" name="setUp" is-config="true" duration-ms="2695" started-at="2021-07-04T10:06:44 IST" finished-at="2021-07-04T10:06:47 IST">
          <reporter-output>
          </reporter-output>
        </test-method> <!-- setUp -->
        <test-method status="PASS" signature="CRMLogoImageTest()[pri:2, instance:com.crm.qa.testcases.LoginPageTest@467aecef]" name="CRMLogoImageTest" duration-ms="1" started-at="2021-07-04T10:06:47 IST" finished-at="2021-07-04T10:06:47 IST">
          <reporter-output>
          </reporter-output>
        </test-method> <!-- CRMLogoImageTest -->
        <test-method status="PASS" signature="tearDown()[pri:0, instance:com.crm.qa.testcases.LoginPageTest@467aecef]" name="tearDown" is-config="true" duration-ms="743" started-at="2021-07-04T10:06:47 IST" finished-at="2021-07-04T10:06:48 IST">
          <reporter-output>
          </reporter-output>
        </test-method> <!-- tearDown -->
        <test-method status="PASS" signature="setUp()[pri:0, instance:com.crm.qa.testcases.LoginPageTest@467aecef]" name="setUp" is-config="true" duration-ms="2566" started-at="2021-07-04T10:06:48 IST" finished-at="2021-07-04T10:06:50 IST">
          <reporter-output>
          </reporter-output>
        </test-method> <!-- setUp -->
        <test-method status="PASS" signature="loginTest()[pri:3, instance:com.crm.qa.testcases.LoginPageTest@467aecef]" name="loginTest" duration-ms="3142" started-at="2021-07-04T10:06:50 IST" finished-at="2021-07-04T10:06:53 IST">
          <reporter-output>
          </reporter-output>
        </test-method> <!-- loginTest -->
        <test-method status="PASS" signature="tearDown()[pri:0, instance:com.crm.qa.testcases.LoginPageTest@467aecef]" name="tearDown" is-config="true" duration-ms="758" started-at="2021-07-04T10:06:53 IST" finished-at="2021-07-04T10:06:54 IST">
          <reporter-output>
          </reporter-output>
        </test-method> <!-- tearDown -->
      </class> <!-- com.crm.qa.testcases.LoginPageTest -->
    </test> <!-- CRM APplication Test Cases -->
  </suite> <!-- CRM Application Automation TestSuite -->
</testng-results>
